#
# There is insufficient memory for the Java Runtime Environment to continue.
# Native memory allocation (mmap) failed to map 10737418240 bytes for committing reserved memory.
# Possible reasons:
#   The system is out of physical RAM or swap space
#   The process is running with CompressedOops enabled, and the Java Heap may be blocking the growth of the native heap
# Possible solutions:
#   Reduce memory load on the system
#   Increase physical memory or swap space
#   Check if swap backing store is full
#   Decrease Java heap size (-Xmx/-Xms)
#   Decrease number of Java threads
#   Decrease Java thread stack sizes (-Xss)
#   Set larger code cache with -XX:ReservedCodeCacheSize=
#   JVM is running with Zero Based Compressed Oops mode in which the Java heap is
#     placed in the first 32GB address space. The Java Heap base address is the
#     maximum limit for the native heap growth. Please use -XX:HeapBaseMinAddress
#     to set the Java Heap base and to place the Java Heap above 32GB virtual address.
# This output file may be truncated or incomplete.
#
#  Out of Memory Error (os_linux.cpp:2763), pid=73525, tid=73526
#
# JRE version:  (17.0.3+7) (build )
# Java VM: OpenJDK 64-Bit Server VM (17.0.3+7-Ubuntu-0ubuntu0.22.04.1, mixed mode, sharing, tiered, compressed oops, compressed class ptrs, g1 gc, linux-amd64)
# Core dump will be written. Default location: Core dumps may be processed with "/usr/share/apport/apport -p%p -s%s -c%c -d%d -P%P -u%u -g%g -- %E" (or dumping to /home/sony/basic_language_comparison-master/Java/core.73525)
#

---------------  S U M M A R Y ------------

Command Line: -Xmx10g -Xms10G testCopyMatrix 9000

Host: Intel(R) Core(TM) i5-3337U CPU @ 1.80GHz, 4 cores, 7G, Ubuntu 22.04 LTS
Time: Thu Jun  9 18:11:34 2022 -03 elapsed time: 0.040163 seconds (0d 0h 0m 0s)

---------------  T H R E A D  ---------------

Current thread (0x00007f7d940121a0):  JavaThread "Unknown thread" [_thread_in_vm, id=73526, stack(0x00007f7d9ae9d000,0x00007f7d9af9d000)]

Stack: [0x00007f7d9ae9d000,0x00007f7d9af9d000],  sp=0x00007f7d9af9abb0,  free space=1014k
Native frames: (J=compiled Java code, j=interpreted, Vv=VM code, C=native code)
V  [libjvm.so+0xd28dad]
V  [libjvm.so+0x568adc]
V  [libjvm.so+0xaa6141]
V  [libjvm.so+0xab496d]
V  [libjvm.so+0x643f18]
V  [libjvm.so+0x6e9d69]
V  [libjvm.so+0x74e2da]
V  [libjvm.so+0x5f15d3]
V  [libjvm.so+0x5fe3c0]
V  [libjvm.so+0xcf3d48]
V  [libjvm.so+0x77562f]
V  [libjvm.so+0x816c96]  JNI_CreateJavaVM+0xeb6
C  [libjli.so+0x4b4f]
C  [libjli.so+0x5c6d]


---------------  P R O C E S S  ---------------

Threads class SMR info:
_java_thread_list=0x00007f7d9c4cd160, length=0, elements={
}

Java Threads: ( => current thread )

Other Threads:
  0x00007f7d9403cce0 GCTaskThread "GC Thread#0" [stack: 0x00007f7d67eac000,0x00007f7d67fac000] [id=73527]
  0x00007f7d940482c0 ConcurrentGCThread "G1 Main Marker" [stack: 0x00007f7d67daa000,0x00007f7d67eaa000] [id=73528]
  0x00007f7d94049220 ConcurrentGCThread "G1 Conc#0" [stack: 0x00007f7d67ca8000,0x00007f7d67da8000] [id=73529]

[error occurred during error reporting (printing all threads), id 0xb, SIGSEGV (0xb) at pc=0x00007f7d9b8c0373]

VM state: not at safepoint (not fully initialized)

VM Mutex/Monitor currently owned by a thread:  ([mutex/lock_event])
[0x00007f7d9400fa70] Heap_lock - owner thread: 0x00007f7d940121a0

Heap address: 0x0000000580000000, size: 10240 MB, Compressed Oops mode: Zero based, Oop shift amount: 3

CDS archive(s) mapped at: [0x0000000000000000-0x0000000000000000-0x0000000000000000), size 0, SharedBaseAddress: 0x0000000800000000, ArchiveRelocationMode: 0.
Narrow klass base: 0x0000000000000000, Narrow klass shift: 0, Narrow klass range: 0x0

GC Precious Log:
<Empty>

Heap:
 garbage-first heap   total 0K, used 0K [0x0000000580000000, 0x0000000800000000)
  region size 8192K, 0 young (0K), 0 survivors (0K)

[error occurred during error reporting (printing heap information), id 0xb, SIGSEGV (0xb) at pc=0x00007f7d9bd126b3]

GC Heap History (0 events):
No events

Deoptimization events (0 events):
No events

Classes unloaded (0 events):
No events

Classes redefined (0 events):
No events

Internal exceptions (0 events):
No events

VM Operations (0 events):
No events

Events (3 events):
Event: 0.001 Protecting memory [0x00007f7d9ae9d000,0x00007f7d9aea1000] with protection modes 0
Event: 0.001 Loaded shared library /usr/lib/jvm/java-17-openjdk-amd64/lib/libjava.so
Event: 0.002 Loaded shared library /usr/lib/jvm/java-17-openjdk-amd64/lib/libzip.so


Dynamic libraries:
5652d3d70000-5652d3d71000 r--p 00000000 08:06 3279451                    /usr/lib/jvm/java-17-openjdk-amd64/bin/java
5652d3d71000-5652d3d72000 r-xp 00001000 08:06 3279451                    /usr/lib/jvm/java-17-openjdk-amd64/bin/java
5652d3d72000-5652d3d73000 r--p 00002000 08:06 3279451                    /usr/lib/jvm/java-17-openjdk-amd64/bin/java
5652d3d73000-5652d3d74000 r--p 00002000 08:06 3279451                    /usr/lib/jvm/java-17-openjdk-amd64/bin/java
5652d3d74000-5652d3d75000 rw-p 00003000 08:06 3279451                    /usr/lib/jvm/java-17-openjdk-amd64/bin/java
5652d4b50000-5652d4b71000 rw-p 00000000 00:00 0                          [heap]
7f7d58000000-7f7d58021000 rw-p 00000000 00:00 0 
7f7d58021000-7f7d5c000000 ---p 00000000 00:00 0 
7f7d5c000000-7f7d5c021000 rw-p 00000000 00:00 0 
7f7d5c021000-7f7d60000000 ---p 00000000 00:00 0 
7f7d60000000-7f7d60021000 rw-p 00000000 00:00 0 
7f7d60021000-7f7d64000000 ---p 00000000 00:00 0 
7f7d658a2000-7f7d67ca6000 rw-p 00000000 00:00 0 
7f7d67ca6000-7f7d67ca7000 ---p 00000000 00:00 0 
7f7d67ca7000-7f7d67da8000 rw-p 00000000 00:00 0 
7f7d67da8000-7f7d67da9000 ---p 00000000 00:00 0 
7f7d67da9000-7f7d67eaa000 rw-p 00000000 00:00 0 
7f7d67eaa000-7f7d67eab000 ---p 00000000 00:00 0 
7f7d67eab000-7f7d67fd5000 rw-p 00000000 00:00 0 
7f7d67fd5000-7f7d7d3d5000 ---p 00000000 00:00 0 
7f7d7d3d5000-7f7d7d645000 rwxp 00000000 00:00 0 
7f7d7d645000-7f7d7d966000 ---p 00000000 00:00 0 
7f7d7d966000-7f7d7dbd6000 rwxp 00000000 00:00 0 
7f7d7dbd6000-7f7d84e9d000 ---p 00000000 00:00 0 
7f7d84e9d000-7f7d8510d000 rwxp 00000000 00:00 0 
7f7d8510d000-7f7d8c3d5000 ---p 00000000 00:00 0 
7f7d8c3d5000-7f7d94000000 r--s 00000000 08:06 3300630                    /usr/lib/jvm/java-17-openjdk-amd64/lib/modules
7f7d94000000-7f7d94064000 rw-p 00000000 00:00 0 
7f7d94064000-7f7d98000000 ---p 00000000 00:00 0 
7f7d98001000-7f7d9802c000 rw-p 00000000 00:00 0 
7f7d9802c000-7f7d9a82c000 ---p 00000000 00:00 0 
7f7d9a82c000-7f7d9ac86000 rw-p 00000000 00:00 0 
7f7d9ac86000-7f7d9ad6c000 ---p 00000000 00:00 0 
7f7d9ad6c000-7f7d9ad71000 rw-p 00000000 00:00 0 
7f7d9ad71000-7f7d9ae57000 ---p 00000000 00:00 0 
7f7d9ae57000-7f7d9ae5c000 rw-p 00000000 00:00 0 
7f7d9ae5c000-7f7d9ae63000 ---p 00000000 00:00 0 
7f7d9ae63000-7f7d9ae65000 r--p 00000000 08:06 3300629                    /usr/lib/jvm/java-17-openjdk-amd64/lib/libzip.so
7f7d9ae65000-7f7d9ae69000 r-xp 00002000 08:06 3300629                    /usr/lib/jvm/java-17-openjdk-amd64/lib/libzip.so
7f7d9ae69000-7f7d9ae6b000 r--p 00006000 08:06 3300629                    /usr/lib/jvm/java-17-openjdk-amd64/lib/libzip.so
7f7d9ae6b000-7f7d9ae6c000 r--p 00007000 08:06 3300629                    /usr/lib/jvm/java-17-openjdk-amd64/lib/libzip.so
7f7d9ae6c000-7f7d9ae6d000 rw-p 00008000 08:06 3300629                    /usr/lib/jvm/java-17-openjdk-amd64/lib/libzip.so
7f7d9ae6d000-7f7d9ae79000 r--p 00000000 08:06 3300608                    /usr/lib/jvm/java-17-openjdk-amd64/lib/libjava.so
7f7d9ae79000-7f7d9ae8c000 r-xp 0000c000 08:06 3300608                    /usr/lib/jvm/java-17-openjdk-amd64/lib/libjava.so
7f7d9ae8c000-7f7d9ae91000 r--p 0001f000 08:06 3300608                    /usr/lib/jvm/java-17-openjdk-amd64/lib/libjava.so
7f7d9ae91000-7f7d9ae92000 ---p 00024000 08:06 3300608                    /usr/lib/jvm/java-17-openjdk-amd64/lib/libjava.so
7f7d9ae92000-7f7d9ae93000 r--p 00024000 08:06 3300608                    /usr/lib/jvm/java-17-openjdk-amd64/lib/libjava.so
7f7d9ae93000-7f7d9ae94000 rw-p 00025000 08:06 3300608                    /usr/lib/jvm/java-17-openjdk-amd64/lib/libjava.so
7f7d9ae94000-7f7d9ae95000 rw-p 00000000 00:00 0 
7f7d9ae95000-7f7d9ae9d000 rw-s 00000000 08:06 3145809                    /tmp/hsperfdata_root/73525
7f7d9ae9d000-7f7d9aea1000 ---p 00000000 00:00 0 
7f7d9aea1000-7f7d9af9d000 rw-p 00000000 00:00 0 
7f7d9af9d000-7f7d9afa0000 r--p 00000000 08:06 3284025                    /usr/lib/x86_64-linux-gnu/libgcc_s.so.1
7f7d9afa0000-7f7d9afb7000 r-xp 00003000 08:06 3284025                    /usr/lib/x86_64-linux-gnu/libgcc_s.so.1
7f7d9afb7000-7f7d9afbb000 r--p 0001a000 08:06 3284025                    /usr/lib/x86_64-linux-gnu/libgcc_s.so.1
7f7d9afbb000-7f7d9afbc000 r--p 0001d000 08:06 3284025                    /usr/lib/x86_64-linux-gnu/libgcc_s.so.1
7f7d9afbc000-7f7d9afbd000 rw-p 0001e000 08:06 3284025                    /usr/lib/x86_64-linux-gnu/libgcc_s.so.1
7f7d9afbd000-7f7d9afcb000 r--p 00000000 08:06 3284377                    /usr/lib/x86_64-linux-gnu/libm.so.6
7f7d9afcb000-7f7d9b047000 r-xp 0000e000 08:06 3284377                    /usr/lib/x86_64-linux-gnu/libm.so.6
7f7d9b047000-7f7d9b0a2000 r--p 0008a000 08:06 3284377                    /usr/lib/x86_64-linux-gnu/libm.so.6
7f7d9b0a2000-7f7d9b0a3000 r--p 000e4000 08:06 3284377                    /usr/lib/x86_64-linux-gnu/libm.so.6
7f7d9b0a3000-7f7d9b0a4000 rw-p 000e5000 08:06 3284377                    /usr/lib/x86_64-linux-gnu/libm.so.6
7f7d9b0a4000-7f7d9b13e000 r--p 00000000 08:06 3284812                    /usr/lib/x86_64-linux-gnu/libstdc++.so.6.0.30
7f7d9b13e000-7f7d9b24f000 r-xp 0009a000 08:06 3284812                    /usr/lib/x86_64-linux-gnu/libstdc++.so.6.0.30
7f7d9b24f000-7f7d9b2bf000 r--p 001ab000 08:06 3284812                    /usr/lib/x86_64-linux-gnu/libstdc++.so.6.0.30
7f7d9b2bf000-7f7d9b2ca000 r--p 0021a000 08:06 3284812                    /usr/lib/x86_64-linux-gnu/libstdc++.so.6.0.30
7f7d9b2ca000-7f7d9b2cd000 rw-p 00225000 08:06 3284812                    /usr/lib/x86_64-linux-gnu/libstdc++.so.6.0.30
7f7d9b2cd000-7f7d9b2d0000 rw-p 00000000 00:00 0 
7f7d9b2d0000-7f7d9b507000 r--p 00000000 08:06 3300636                    /usr/lib/jvm/java-17-openjdk-amd64/lib/server/libjvm.so
7f7d9b507000-7f7d9c22a000 r-xp 00237000 08:06 3300636                    /usr/lib/jvm/java-17-openjdk-amd64/lib/server/libjvm.so
7f7d9c22a000-7f7d9c3da000 r--p 00f5a000 08:06 3300636                    /usr/lib/jvm/java-17-openjdk-amd64/lib/server/libjvm.so
7f7d9c3da000-7f7d9c3db000 ---p 0110a000 08:06 3300636                    /usr/lib/jvm/java-17-openjdk-amd64/lib/server/libjvm.so
7f7d9c3db000-7f7d9c491000 r--p 0110a000 08:06 3300636                    /usr/lib/jvm/java-17-openjdk-amd64/lib/server/libjvm.so
7f7d9c491000-7f7d9c4bd000 rw-p 011c0000 08:06 3300636                    /usr/lib/jvm/java-17-openjdk-amd64/lib/server/libjvm.so
7f7d9c4bd000-7f7d9c51a000 rw-p 00000000 00:00 0 
7f7d9c51a000-7f7d9c51c000 r--p 00000000 08:06 3285079                    /usr/lib/x86_64-linux-gnu/libz.so.1.2.11
7f7d9c51c000-7f7d9c52d000 r-xp 00002000 08:06 3285079                    /usr/lib/x86_64-linux-gnu/libz.so.1.2.11
7f7d9c52d000-7f7d9c533000 r--p 00013000 08:06 3285079                    /usr/lib/x86_64-linux-gnu/libz.so.1.2.11
7f7d9c533000-7f7d9c534000 ---p 00019000 08:06 3285079                    /usr/lib/x86_64-linux-gnu/libz.so.1.2.11
7f7d9c534000-7f7d9c535000 r--p 00019000 08:06 3285079                    /usr/lib/x86_64-linux-gnu/libz.so.1.2.11
7f7d9c535000-7f7d9c536000 rw-p 0001a000 08:06 3285079                    /usr/lib/x86_64-linux-gnu/libz.so.1.2.11
7f7d9c536000-7f7d9c55e000 r--p 00000000 08:06 3283726                    /usr/lib/x86_64-linux-gnu/libc.so.6
7f7d9c55e000-7f7d9c6f3000 r-xp 00028000 08:06 3283726                    /usr/lib/x86_64-linux-gnu/libc.so.6
7f7d9c6f3000-7f7d9c74b000 r--p 001bd000 08:06 3283726                    /usr/lib/x86_64-linux-gnu/libc.so.6
7f7d9c74b000-7f7d9c74f000 r--p 00214000 08:06 3283726                    /usr/lib/x86_64-linux-gnu/libc.so.6
7f7d9c74f000-7f7d9c751000 rw-p 00218000 08:06 3283726                    /usr/lib/x86_64-linux-gnu/libc.so.6
7f7d9c751000-7f7d9c75e000 rw-p 00000000 00:00 0 
7f7d9c763000-7f7d9c765000 r--s 0000c000 08:06 531942                     /usr/share/java/java-atk-wrapper.jar
7f7d9c765000-7f7d9c766000 ---p 00000000 00:00 0 
7f7d9c766000-7f7d9c767000 r--p 00000000 00:00 0 
7f7d9c767000-7f7d9c769000 r--p 00000000 08:06 3300611                    /usr/lib/jvm/java-17-openjdk-amd64/lib/libjimage.so
7f7d9c769000-7f7d9c76b000 r-xp 00002000 08:06 3300611                    /usr/lib/jvm/java-17-openjdk-amd64/lib/libjimage.so
7f7d9c76b000-7f7d9c76c000 r--p 00004000 08:06 3300611                    /usr/lib/jvm/java-17-openjdk-amd64/lib/libjimage.so
7f7d9c76c000-7f7d9c76d000 r--p 00004000 08:06 3300611                    /usr/lib/jvm/java-17-openjdk-amd64/lib/libjimage.so
7f7d9c76d000-7f7d9c76e000 rw-p 00005000 08:06 3300611                    /usr/lib/jvm/java-17-openjdk-amd64/lib/libjimage.so
7f7d9c76e000-7f7d9c770000 r--p 00000000 08:06 3300612                    /usr/lib/jvm/java-17-openjdk-amd64/lib/libjli.so
7f7d9c770000-7f7d9c77a000 r-xp 00002000 08:06 3300612                    /usr/lib/jvm/java-17-openjdk-amd64/lib/libjli.so
7f7d9c77a000-7f7d9c77d000 r--p 0000c000 08:06 3300612                    /usr/lib/jvm/java-17-openjdk-amd64/lib/libjli.so
7f7d9c77d000-7f7d9c77e000 r--p 0000e000 08:06 3300612                    /usr/lib/jvm/java-17-openjdk-amd64/lib/libjli.so
7f7d9c77e000-7f7d9c77f000 rw-p 0000f000 08:06 3300612                    /usr/lib/jvm/java-17-openjdk-amd64/lib/libjli.so
7f7d9c77f000-7f7d9c781000 rw-p 00000000 00:00 0 
7f7d9c781000-7f7d9c783000 r--p 00000000 08:06 3283389                    /usr/lib/x86_64-linux-gnu/ld-linux-x86-64.so.2
7f7d9c783000-7f7d9c7ad000 r-xp 00002000 08:06 3283389                    /usr/lib/x86_64-linux-gnu/ld-linux-x86-64.so.2
7f7d9c7ad000-7f7d9c7b8000 r--p 0002c000 08:06 3283389                    /usr/lib/x86_64-linux-gnu/ld-linux-x86-64.so.2
7f7d9c7b8000-7f7d9c7b9000 ---p 00000000 00:00 0 
7f7d9c7b9000-7f7d9c7bb000 r--p 00037000 08:06 3283389                    /usr/lib/x86_64-linux-gnu/ld-linux-x86-64.so.2
7f7d9c7bb000-7f7d9c7bd000 rw-p 00039000 08:06 3283389                    /usr/lib/x86_64-linux-gnu/ld-linux-x86-64.so.2
7ffc860bb000-7ffc860dc000 rw-p 00000000 00:00 0                          [stack]
7ffc8619d000-7ffc861a1000 r--p 00000000 00:00 0                          [vvar]
7ffc861a1000-7ffc861a3000 r-xp 00000000 00:00 0                          [vdso]
ffffffffff600000-ffffffffff601000 --xp 00000000 00:00 0                  [vsyscall]


VM Arguments:
jvm_args: -Xmx10g -Xms10G 
java_command: testCopyMatrix 9000
java_class_path (initial): .
Launcher Type: SUN_STANDARD

[Global flags]
     intx CICompilerCount                          = 3                                         {product} {ergonomic}
     uint ConcGCThreads                            = 1                                         {product} {ergonomic}
     uint G1ConcRefinementThreads                  = 4                                         {product} {ergonomic}
   size_t G1HeapRegionSize                         = 8388608                                   {product} {ergonomic}
    uintx GCDrainStackTargetSize                   = 64                                        {product} {ergonomic}
   size_t InitialHeapSize                          = 10737418240                               {product} {command line}
   size_t MarkStackSize                            = 4194304                                   {product} {ergonomic}
   size_t MaxHeapSize                              = 10737418240                               {product} {command line}
   size_t MinHeapDeltaBytes                        = 8388608                                   {product} {ergonomic}
   size_t MinHeapSize                              = 10737418240                               {product} {command line}
    uintx NonNMethodCodeHeapSize                   = 5832780                                {pd product} {ergonomic}
    uintx NonProfiledCodeHeapSize                  = 122912730                              {pd product} {ergonomic}
    uintx ProfiledCodeHeapSize                     = 122912730                              {pd product} {ergonomic}
    uintx ReservedCodeCacheSize                    = 251658240                              {pd product} {ergonomic}
     bool SegmentedCodeCache                       = true                                      {product} {ergonomic}
   size_t SoftMaxHeapSize                          = 10737418240                            {manageable} {ergonomic}
     bool UseCompressedClassPointers               = true                           {product lp64_product} {ergonomic}
     bool UseCompressedOops                        = true                           {product lp64_product} {ergonomic}
     bool UseG1GC                                  = true                                      {product} {ergonomic}

Logging:
Log output configuration:
 #0: stdout all=warning uptime,level,tags
 #1: stderr all=off uptime,level,tags

Environment Variables:
PATH=/usr/local/sbin:/usr/local/bin:/usr/sbin:/usr/bin:/sbin:/bin:/usr/games:/usr/local/games:/snap/bin
SHELL=/bin/bash
DISPLAY=:0
LANG=en_US.UTF-8
LC_CTYPE=pt_BR.UTF-8

Signal Handlers:
   SIGSEGV: 0x00007f7d9bfe41b0 in libjvm.so+13713840, mask=11100100010111111101111111111110, flags=SA_RESTART|SA_SIGINFO
    SIGBUS: 0x00007f7d9bfe41b0 in libjvm.so+13713840, mask=11100100010111111101111111111110, flags=SA_RESTART|SA_SIGINFO
    SIGFPE: 0x00007f7d9bfe41b0 in libjvm.so+13713840, mask=11100100010111111101111111111110, flags=SA_RESTART|SA_SIGINFO
   SIGPIPE: 0x00007f7d9bedb990 in libjvm.so+12630416, mask=11100100010111111101111111111110, flags=SA_RESTART|SA_SIGINFO
   SIGXFSZ: 0x00007f7d9bedb990 in libjvm.so+12630416, mask=11100100010111111101111111111110, flags=SA_RESTART|SA_SIGINFO
    SIGILL: 0x00007f7d9bfe41b0 in libjvm.so+13713840, mask=11100100010111111101111111111110, flags=SA_RESTART|SA_SIGINFO
   SIGUSR2: 0x00007f7d9bed3b30 in libjvm.so+12598064, mask=00000000000000000000000000000000, flags=SA_RESTART|SA_SIGINFO
    SIGHUP: SIG_DFL, mask=00000000000000000000000000000000, flags=none
    SIGINT: SIG_DFL, mask=00000000000000000000000000000000, flags=none
   SIGTERM: SIG_DFL, mask=00000000000000000000000000000000, flags=none
   SIGQUIT: 0x00007f7d9bedb990 in libjvm.so+12630416, mask=11100100010111111101111111111110, flags=SA_RESTART|SA_SIGINFO
   SIGTRAP: 0x00007f7d9bfe41b0 in libjvm.so+13713840, mask=11100100010111111101111111111110, flags=SA_RESTART|SA_SIGINFO


---------------  S Y S T E M  ---------------

OS:
DISTRIB_ID=Ubuntu
DISTRIB_RELEASE=22.04
DISTRIB_CODENAME=jammy
DISTRIB_DESCRIPTION="Ubuntu 22.04 LTS"
uname: Linux 5.15.0-33-generic #34-Ubuntu SMP Wed May 18 13:34:26 UTC 2022 x86_64
OS uptime: 1 days 20:26 hours
libc: glibc 2.35 NPTL 2.35 
rlimit (soft/hard): STACK 8192k/infinity , CORE 0k/infinity , NPROC 30872/30872 , NOFILE 1048576/1048576 , AS infinity/infinity , CPU infinity/infinity , DATA infinity/infinity , FSIZE infinity/infinity , MEMLOCK 1002172k/1002172k
load average: 0.56 0.72 0.68

/proc/meminfo:
MemTotal:        8017384 kB
MemFree:         2288884 kB
MemAvailable:    6383052 kB
Buffers:           73140 kB
Cached:          4246404 kB
SwapCached:          144 kB
Active:          2762564 kB
Inactive:        2250428 kB
Active(anon):      11656 kB
Inactive(anon):   916088 kB
Active(file):    2750908 kB
Inactive(file):  1334340 kB
Unevictable:      103344 kB
Mlocked:              32 kB
SwapTotal:       2097148 kB
SwapFree:        2096764 kB
Dirty:                84 kB
Writeback:            32 kB
AnonPages:        796676 kB
Mapped:           432968 kB
Shmem:            246216 kB
KReclaimable:     315120 kB
Slab:             446680 kB
SReclaimable:     315120 kB
SUnreclaim:       131560 kB
KernelStack:       11328 kB
PageTables:        20452 kB
NFS_Unstable:          0 kB
Bounce:                0 kB
WritebackTmp:          0 kB
CommitLimit:     6105840 kB
Committed_AS:    5343904 kB
VmallocTotal:   34359738367 kB
VmallocUsed:       66064 kB
VmallocChunk:          0 kB
Percpu:             9120 kB
HardwareCorrupted:     0 kB
AnonHugePages:         0 kB
ShmemHugePages:        0 kB
ShmemPmdMapped:        0 kB
FileHugePages:         0 kB
FilePmdMapped:         0 kB
HugePages_Total:       0
HugePages_Free:        0
HugePages_Rsvd:        0
HugePages_Surp:        0
Hugepagesize:       2048 kB
Hugetlb:               0 kB
DirectMap4k:      361752 kB
DirectMap2M:     7903232 kB

/sys/kernel/mm/transparent_hugepage/enabled: always [madvise] never
/sys/kernel/mm/transparent_hugepage/defrag (defrag/compaction efforts parameter): always defer defer+madvise [madvise] never

Process Memory:
Virtual Size: 1097096K (peak: 11582856K)
Resident Set Size: 15068K (peak: 15068K) (anon: 2168K, file: 12900K, shmem: 0K)
Swapped out: 0K
C-Heap outstanding allocations: 509K

/proc/sys/kernel/threads-max (system-wide limit on the number of threads): 61744
/proc/sys/vm/max_map_count (maximum number of memory map areas a process may have): 65530
/proc/sys/kernel/pid_max (system-wide limit on number of process identifiers): 4194304

container (cgroup) information:
container_type: cgroupv2
cpu_cpuset_cpus: not supported
cpu_memory_nodes: not supported
active_processor_count: 4
cpu_quota: not supported
cpu_period: not supported
cpu_shares: not supported
memory_limit_in_bytes: unlimited
memory_and_swap_limit_in_bytes: unlimited
memory_soft_limit_in_bytes: unlimited
memory_usage_in_bytes: 65175552
memory_max_usage_in_bytes: not supported
maximum number of tasks: 9261
current number of tasks: 11

Steal ticks since vm start: 0
Steal ticks percentage since vm start:  0.000

CPU: total 4 (initial active 4) (2 cores per cpu, 2 threads per core) family 6 model 58 stepping 9 microcode 0x21, cx8, cmov, fxsr, ht, mmx, sse, sse2, sse3, ssse3, sse4.1, sse4.2, popcnt, tsc, tscinvbit, avx, aes, erms, clmul, vzeroupper, clflush
CPU Model and flags from /proc/cpuinfo:
model name	: Intel(R) Core(TM) i5-3337U CPU @ 1.80GHz
flags		: fpu vme de pse tsc msr pae mce cx8 apic sep mtrr pge mca cmov pat pse36 clflush dts acpi mmx fxsr sse sse2 ss ht tm pbe syscall nx rdtscp lm constant_tsc arch_perfmon pebs bts rep_good nopl xtopology nonstop_tsc cpuid aperfmperf pni pclmulqdq dtes64 monitor ds_cpl vmx est tm2 ssse3 cx16 xtpr pdcm pcid sse4_1 sse4_2 x2apic popcnt tsc_deadline_timer aes xsave avx f16c rdrand lahf_lm cpuid_fault epb pti ssbd ibrs ibpb stibp tpr_shadow vnmi flexpriority ept vpid fsgsbase smep erms xsaveopt dtherm ida arat pln pts md_clear flush_l1d

Online cpus: 0-3
Offline cpus: 4-7
BIOS frequency limitation: <Not Available>
Frequency switch latency (ns): 20000
Available cpu frequencies: <Not Available>
Current governor: schedutil
Core performance/turbo boost: <Not Available>

Memory: 4k page, physical 8017384k(2288884k free), swap 2097148k(2096764k free)
Page Sizes: 4k

vm_info: OpenJDK 64-Bit Server VM (17.0.3+7-Ubuntu-0ubuntu0.22.04.1) for linux-amd64 JRE (17.0.3+7-Ubuntu-0ubuntu0.22.04.1), built on Apr 24 2022 14:54:16 by "buildd" with gcc 11.2.0

END.
